ARCT[0]: 
ARCT[0]: 
Running KNN cosine distance! Opt3 200GB
TIME STAMP: 08/02/25 08:48:03.171692567 UTC
ARCT[0]: 
tile_num=1
TIME STAMP: 08/02/25 08:48:03.210331633 UTC
ARCT[0]: 
***            total - hits:1       seu:3892726      crun:19315137     iall:9870944       icm:744      dcm:614          microsec@500Mhz:38630
TIME STAMP: 08/02/25 08:48:03.210520185 UTC
ARCT[0]: 
***        l4_l1_dma - hits:8       seu:31104        crun:8597197      iall:3668875       icm:168      dcm:3            microsec@500Mhz:17194
ARCT[0]: 
***        l4_l3_dma - hits:1       seu:0            crun:5044         iall:396           icm:22       dcm:4            microsec@500Mhz:10
ARCT[0]: 
***        l3_l4_pio - hits:1       seu:0            crun:7405         iall:521           icm:30       dcm:15           microsec@500Mhz:14
TIME STAMP: 08/02/25 08:48:03.210704827 UTC
ARCT[0]: 
***    calc_distance - hits:18      seu:3861622      crun:10534903     iall:6151894       icm:280      dcm:277          microsec@500Mhz:21069
ARCT[0]: 
***            merge - hits:10      seu:0            crun:34822        iall:18973         icm:39       dcm:7            microsec@500Mhz:69
ARCT[0]: 
ARCT[0]: 
Done!
ARCK[0]: 
After task: 0x504400 (0xa502e40, 0x0) ret = 0
TIME STAMP: 08/02/25 08:48:03.210890289 UTC
ARCK[0]: 
Send TASK_COMPLETION_DB to ARM
slot0@localhost:/ > 
