Running task 0x504400 (0x98d02e40, 0x0)
ARCT[0]: 
ARCT[0]: 
Running KNN cosine distance! Opt3 200GB
TIME STAMP: 08/02/25 08:48:36.567059992 UTC
ARCT[0]: 
tile_num=25
TIME STAMP: 08/02/25 08:48:37.525950523 UTC
ARCT[0]: 
***            total - hits:1       seu:97318054     crun:479375351    iall:246652139     icm:788      dcm:1158         microsec@500Mhz:958750
ARCT[0]: 
***        l4_l1_dma - hits:200     seu:777600       crun:213984722    iall:91846459      icm:168      dcm:51           microsec@500Mhz:427969
ARCT[0]: 
***        l4_l3_dma - hits:1       seu:0            crun:5384         iall:396           icm:23       dcm:4            microsec@500Mhz:10
TIME STAMP: 08/02/25 08:48:37.526144545 UTC
ARCT[0]: 
***        l3_l4_pio - hits:1       seu:0            crun:7494         iall:521           icm:26       dcm:16           microsec@500Mhz:14
ARCT[0]: 
***    calc_distance - hits:450     seu:96540454     crun:263802063    iall:153796798     icm:309      dcm:613          microsec@500Mhz:527604
ARCT[0]: 
***            merge - hits:250     seu:0            crun:651528       iall:474205        icm:41       dcm:55           microsec@500Mhz:1303
ARCT[0]: 
ARCT[0]: 
Done!
TIME STAMP: 08/02/25 08:48:37.526384047 UTC
ARCK[0]: 
After task: 0x504400 (0x98d02e40, 0x0) ret = 0
ARCK[0]: 
Send TASK_COMPLETION_DB to ARM
slot0@localhost:/ > 
