DB0: Task address 0x5010d0
ARCK[0]: 
Running task 0x5010d0 (0x22d11020, 0x0)
ARCT[0]: 
ARCT[0]: 
Running Pheonix benchmark string match! 9:30 pm ET, 11/11/2024
TIME STAMP: 08/02/25 08:46:37.735688803 UTC
ARCT[0]: 
***            total - hits:1       seu:649152       crun:45408339     iall:10326544      icm:125      dcm:14           microsec@500Mhz:90816
TIME STAMP: 08/02/25 08:46:37.735875875 UTC
ARCT[0]: 
***              dma - hits:42      seu:163128       crun:43938269     iall:9289491       icm:49       dcm:1            microsec@500Mhz:87876
ARCT[0]: 
***      intra_vr_mv - hits:0       seu:0            crun:0            iall:0             icm:0        dcm:0            microsec@500Mhz:0
ARCT[0]: 
*** intra_vr_compute - hits:336     seu:233856       crun:371314       iall:141122        icm:20       dcm:2            microsec@500Mhz:742
TIME STAMP: 08/02/25 08:46:37.736060887 UTC
ARCT[0]: 
*** inter_vr_compute - hits:336     seu:252000       crun:983531       iall:824210        icm:30       dcm:8            microsec@500Mhz:1967
ARCT[0]: 
***           lookup - hits:0       seu:0            crun:0            iall:0             icm:0        dcm:0            microsec@500Mhz:0
ARCT[0]: 
ARCT[0]: 
Done!
ARCK[0]: 
After task: 0x5010d0 (0x22d11020, 0x0) ret = 0
TIME STAMP: 08/02/25 08:46:37.736245389 UTC
ARCK[0]: 
Send TASK_COMPLETION_DB to ARM
slot0@localhost:/ > 
