ARCK[0]: 
Running task 0x5010d0 (0x22d11020, 0x0)
TIME STAMP: 08/02/25 08:44:52.465703359 UTC
ARCT[0]: 
ARCT[0]: 
Running Pheonix benchmark linear regression! 1:22 pm ET, 11/11/2024
TIME STAMP: 08/02/25 08:44:52.558722360 UTC
ARCT[0]: 
***            total - hits:1       seu:1638882      crun:46365095     iall:10589353      icm:174      dcm:16           microsec@500Mhz:92730
TIME STAMP: 08/02/25 08:44:52.558908782 UTC
ARCT[0]: 
***              dma - hits:42      seu:163210       crun:43954967     iall:9253762       icm:52       dcm:1            microsec@500Mhz:87909
ARCT[0]: 
***      intra_vr_mv - hits:0       seu:0            crun:0            iall:0             icm:0        dcm:0            microsec@500Mhz:0
ARCT[0]: 
*** intra_vr_compute - hits:42      seu:566370       crun:893954       iall:350744        icm:64       dcm:9            microsec@500Mhz:1787
TIME STAMP: 08/02/25 08:44:52.559094284 UTC
ARCT[0]: 
*** inter_vr_compute - hits:42      seu:908683       crun:1486719      iall:972301        icm:34       dcm:5            microsec@500Mhz:2973
ARCT[0]: 
***           lookup - hits:0       seu:0            crun:0            iall:0             icm:0        dcm:0            microsec@500Mhz:0
ARCT[0]: 
ARCT[0]: 
Done!
ARCK[0]: 
After task: 0x5010d0 (0x22d11020, 0x0) ret = 0
TIME STAMP: 08/02/25 08:44:52.559297956 UTC
ARCK[0]: 
Send TASK_COMPLETION_DB to ARM
slot0@localhost:/ > 
