TIME STAMP: 08/02/25 08:45:46.684676464 UTC
ARCK[0]: 
Running task 0x5010d0 (0x911b020, 0x0)
ARCT[0]: 
ARCT[0]: 
Running Pheonix benchmark reverse index! 2:28 pm ET, 11/13/2024
TIME STAMP: 08/02/25 08:45:48.101398243 UTC
ARCT[0]: 
***            total - hits:1       seu:232623760    crun:708185069    iall:378179048     icm:183      dcm:16           microsec@500Mhz:1416370
TIME STAMP: 08/02/25 08:45:48.101587395 UTC
ARCT[0]: 
***              dma - hits:20500   seu:32320        crun:39550350     iall:9351814       icm:58       dcm:1            microsec@500Mhz:79100
ARCT[0]: 
***      intra_vr_mv - hits:20480   seu:983040       crun:6030624      iall:4771842       icm:30       dcm:3            microsec@500Mhz:12061
TIME STAMP: 08/02/25 08:45:48.101771997 UTC
ARCT[0]: 
*** intra_vr_compute - hits:0       seu:0            crun:0            iall:0             icm:0        dcm:0            microsec@500Mhz:0
ARCT[0]: 
*** inter_vr_compute - hits:0       seu:0            crun:0            iall:0             icm:0        dcm:0            microsec@500Mhz:0
ARCT[0]: 
***           lookup - hits:0       seu:0            crun:0            iall:0             icm:0        dcm:0            microsec@500Mhz:0
ARCT[0]: 
ARCT[0]: 
Done!
ARCK[0]: 
After task: 0x5010d0 (0x911b020, 0x0) ret = 0
TIME STAMP: 08/02/25 08:45:48.101985939 UTC
ARCK[0]: 
Send TASK_COMPLETION_DB to ARM
slot0@localhost:/ > 
