ARCK[0]: 
DB0: Task address 0x5010d0
ARCK[0]: 
Running task 0x5010d0 (0x3311020, 0x0)
ARCT[0]: 
ARCT[0]: 
Running int16 mamtul Phoenix benchmark
TIME STAMP: 07/22/25 20:22:54.024338637 UTC
ARCT[0]: 
***            total - hits:1       seu:13668608     crun:237249244    iall:70117920      icm:179      dcm:74246        microsec@500Mhz:474498
TIME STAMP: 07/22/25 20:22:54.024535969 UTC
ARCT[0]: 
***              dma - hits:8448    seu:1978632      crun:193669073    iall:44114319      icm:77       dcm:8612         microsec@500Mhz:387338
ARCT[0]: 
***      intra_vr_mv - hits:0       seu:0            crun:0            iall:0             icm:0        dcm:0            microsec@500Mhz:0
ARCT[0]: 
*** intra_vr_compute - hits:8192    seu:7414109      crun:18325317     iall:10649602      icm:53       dcm:11           microsec@500Mhz:36650
TIME STAMP: 07/22/25 20:22:54.024724211 UTC
ARCT[0]: 
*** inter_vr_compute - hits:8192    seu:1163298      crun:2174713      iall:1736706       icm:20       dcm:33           microsec@500Mhz:4349
ARCT[0]: 
***           lookup - hits:0       seu:0            crun:0            iall:0             icm:0        dcm:0            microsec@500Mhz:0
ARCT[0]: 
***        duplicate - hits:0       seu:0            crun:0            iall:0             icm:0        dcm:0            microsec@500Mhz:0
ARCK[0]: 
After task: 0x5010d0 (0x3311020, 0x0) ret = 0
TIME STAMP: 07/22/25 20:22:54.025853133 UTC
ARCK[0]: 
Send TASK_COMPLETION_DB to ARM
slot0@localhost:/ > 
