TIME STAMP: 07/22/25 20:24:42.683752831 UTC
ARCK[0]: 
Running task 0x5010d0 (0x3741020, 0x0)
ARCT[0]: 
ARCT[0]: 
Running Pheonix benchmark word count! baseline
TIME STAMP: 07/22/25 20:24:42.699886082 UTC
ARCT[0]: 
***            total - hits:1       seu:2456859      crun:7853337      iall:3616029       icm:176      dcm:17           microsec@500Mhz:15706
ARCT[0]: 
***              dma - hits:1       seu:3475         crun:947763       iall:197238        icm:46       dcm:1            microsec@500Mhz:1895
TIME STAMP: 07/22/25 20:24:42.700073094 UTC
ARCT[0]: 
***      intra_vr_mv - hits:128     seu:67584        crun:197174       iall:125441        icm:33       dcm:3            microsec@500Mhz:394
ARCT[0]: 
*** intra_vr_compute - hits:128     seu:22272        crun:44932        iall:18946         icm:17       dcm:1            microsec@500Mhz:89
ARCT[0]: 
*** inter_vr_compute - hits:0       seu:0            crun:0            iall:0             icm:0        dcm:0            microsec@500Mhz:0
TIME STAMP: 07/22/25 20:24:42.700270526 UTC
ARCT[0]: 
***           lookup - hits:0       seu:0            crun:0            iall:0             icm:0        dcm:0            microsec@500Mhz:0
ARCT[0]: 
ARCT[0]: 
Done!
ARCK[0]: 
After task: 0x5010d0 (0x3741020, 0x0) ret = 0
TIME STAMP: 07/22/25 20:24:42.700455868 UTC
ARCK[0]: 
Send TASK_COMPLETION_DB to ARM
slot0@localhost:/ > 
