ARCT[0]: 
ARCT[0]: 
Running KNN cosine distance! Opt1 200GB
TIME STAMP: 08/02/25 08:48:43.267267655 UTC
ARCT[0]: 
tile_num=1
TIME STAMP: 08/02/25 08:48:43.288004232 UTC
ARCT[0]: 
***            total - hits:1       seu:695542       crun:10351804     iall:4793755       icm:740      dcm:826          microsec@500Mhz:20703
TIME STAMP: 08/02/25 08:48:43.288189374 UTC
ARCT[0]: 
***        l4_l1_dma - hits:8       seu:31104        crun:8563801      iall:3670317       icm:143      dcm:7            microsec@500Mhz:17127
ARCT[0]: 
***        l4_l3_dma - hits:1       seu:0            crun:31322        iall:2525          icm:104      dcm:0            microsec@500Mhz:62
ARCT[0]: 
***        l3_l4_pio - hits:1       seu:0            crun:8150         iall:594           icm:34       dcm:14           microsec@500Mhz:16
TIME STAMP: 08/02/25 08:48:43.288375346 UTC
ARCT[0]: 
***    calc_distance - hits:18      seu:664438       crun:1557046      iall:1067702       icm:178      dcm:272          microsec@500Mhz:3114
ARCT[0]: 
***            merge - hits:10      seu:0            crun:36034        iall:17649         icm:48       dcm:17           microsec@500Mhz:72
ARCT[0]: 
ARCT[0]: 
Done!
ARCK[0]: 
After task: 0x505d0c (0xa502e40, 0x0) ret = 0
TIME STAMP: 08/02/25 08:48:43.288561588 UTC
ARCK[0]: 
Send TASK_COMPLETION_DB to ARM
slot0@localhost:/ > 
