ARCT[0]: 
ARCT[0]: 
Running KNN cosine distance! Opt1 200GB
TIME STAMP: 08/02/25 08:49:16.117884082 UTC
ARCT[0]: 
tile_num=25
TIME STAMP: 08/02/25 08:49:16.622528930 UTC
ARCT[0]: 
***            total - hits:1       seu:17388454     crun:252294032    iall:119524682     icm:770      dcm:1859         microsec@500Mhz:504588
TIME STAMP: 08/02/25 08:49:16.622720242 UTC
ARCT[0]: 
***        l4_l1_dma - hits:200     seu:777600       crun:213275215    iall:91746553      icm:160      dcm:487          microsec@500Mhz:426550
ARCT[0]: 
***        l4_l3_dma - hits:1       seu:0            crun:31629        iall:2532          icm:103      dcm:0            microsec@500Mhz:63
ARCT[0]: 
***        l3_l4_pio - hits:1       seu:0            crun:8242         iall:594           icm:34       dcm:14           microsec@500Mhz:16
TIME STAMP: 08/02/25 08:49:16.622923534 UTC
ARCT[0]: 
***    calc_distance - hits:450     seu:16610854     crun:37298323     iall:26691758      icm:181      dcm:632          microsec@500Mhz:74596
ARCT[0]: 
***            merge - hits:250     seu:0            crun:622192       iall:440961        icm:50       dcm:40           microsec@500Mhz:1244
ARCT[0]: 
ARCT[0]: 
Done!
ARCK[0]: 
After task: 0x505d0c (0x98d02e40, 0x0) ret = 0
TIME STAMP: 08/02/25 08:49:16.623108505 UTC
ARCK[0]: 
Send TASK_COMPLETION_DB to ARM
slot0@localhost:/ > 
