TIME STAMP: 08/02/25 08:48:52.653297240 UTC
ARCT[0]: 
ARCT[0]: 
Running KNN cosine distance! Opt1 200GB
TIME STAMP: 08/02/25 08:48:52.653480132 UTC
ARCT[0]: 
tile_num=6
TIME STAMP: 08/02/25 08:48:52.775248660 UTC
ARCT[0]: 
***            total - hits:1       seu:4173228      crun:60774112     iall:28710930      icm:749      dcm:1041         microsec@500Mhz:121548
ARCT[0]: 
***        l4_l1_dma - hits:48      seu:186624       crun:51229247     iall:22034437      icm:146      dcm:107          microsec@500Mhz:102458
ARCT[0]: 
***        l4_l3_dma - hits:1       seu:0            crun:32228        iall:2525          icm:105      dcm:0            microsec@500Mhz:64
TIME STAMP: 08/02/25 08:48:52.775438972 UTC
ARCT[0]: 
***        l3_l4_pio - hits:1       seu:0            crun:8290         iall:594           icm:34       dcm:14           microsec@500Mhz:16
ARCT[0]: 
***    calc_distance - hits:108     seu:3986604      crun:9004119      iall:6406034       icm:185      dcm:347          microsec@500Mhz:18008
ARCT[0]: 
***            merge - hits:60      seu:0            crun:157966       iall:105841        icm:50       dcm:21           microsec@500Mhz:315
ARCT[0]: 
ARCT[0]: 
Done!
TIME STAMP: 08/02/25 08:48:52.775624643 UTC
ARCK[0]: 
After task: 0x505d0c (0x28502e40, 0x0) ret = 0
ARCK[0]: 
Send TASK_COMPLETION_DB to ARM
slot0@localhost:/ > 
