ARCK[0]: 
Running task 0x5010d0 (0x911b020, 0x0)
TIME STAMP: 07/22/25 20:23:35.318997998 UTC
ARCT[0]: 
ARCT[0]: 
Running Pheonix benchmark reverse index! 2:28 pm ET, 11/13/2024
TIME STAMP: 07/22/25 20:23:36.735827209 UTC
ARCT[0]: 
***            total - hits:1       seu:232623760    crun:708246245    iall:378177988     icm:192      dcm:17           microsec@500Mhz:1416492
TIME STAMP: 07/22/25 20:23:36.736015631 UTC
ARCT[0]: 
***              dma - hits:20500   seu:32320        crun:39628824     iall:9350752       icm:61       dcm:1            microsec@500Mhz:79257
ARCT[0]: 
***      intra_vr_mv - hits:20480   seu:983040       crun:6030607      iall:4771842       icm:30       dcm:4            microsec@500Mhz:12061
TIME STAMP: 07/22/25 20:23:36.736206103 UTC
ARCT[0]: 
*** intra_vr_compute - hits:0       seu:0            crun:0            iall:0             icm:0        dcm:0            microsec@500Mhz:0
ARCT[0]: 
*** inter_vr_compute - hits:0       seu:0            crun:0            iall:0             icm:0        dcm:0            microsec@500Mhz:0
ARCT[0]: 
***           lookup - hits:0       seu:0            crun:0            iall:0             icm:0        dcm:0            microsec@500Mhz:0
ARCT[0]: 
ARCT[0]: 
Done!
ARCK[0]: 
After task: 0x5010d0 (0x911b020, 0x0) ret = 0
TIME STAMP: 07/22/25 20:23:36.736384645 UTC
ARCK[0]: 
Send TASK_COMPLETION_DB to ARM
slot0@localhost:/ > 
