DB0: Task address 0x5010d0
ARCK[0]: 
Running task 0x5010d0 (0x2ef1020, 0x0)
ARCT[0]: 
TIME STAMP: 07/22/25 20:21:09.451749889 UTC
ARCT[0]: 
Running Pheonix benchmark kmeans! 10:11 pm ET, 11/11/2024
TIME STAMP: 07/22/25 20:21:09.453670348 UTC
ARCT[0]: 
***            total - hits:1       seu:46641        crun:808133       iall:275752        icm:188      dcm:7            microsec@500Mhz:1616
ARCT[0]: 
***              dma - hits:3       seu:3976         crun:610092       iall:139055        icm:100      dcm:2            microsec@500Mhz:1220
TIME STAMP: 07/22/25 20:21:09.453857820 UTC
ARCT[0]: 
***      intra_vr_mv - hits:240     seu:6468         crun:37389        iall:30003         icm:19       dcm:3            microsec@500Mhz:74
ARCT[0]: 
*** intra_vr_compute - hits:0       seu:0            crun:0            iall:0             icm:0        dcm:0            microsec@500Mhz:0
ARCT[0]: 
*** inter_vr_compute - hits:241     seu:32128        crun:72554        iall:54040         icm:39       dcm:1            microsec@500Mhz:145
ARCT[0]: 
***           lookup - hits:0       seu:0            crun:0            iall:0             icm:0        dcm:0            microsec@500Mhz:0
ARCT[0]: 
TIME STAMP: 07/22/25 20:21:09.454051012 UTC
ARCT[0]: 
Done!
ARCK[0]: 
After task: 0x5010d0 (0x2ef1020, 0x0) ret = 0
ARCK[0]: 
Send TASK_COMPLETION_DB to ARM
slot0@localhost:/ > 
