ARCK[0]: 
Running task 0x5010d0 (0x62d21020, 0x0)
TIME STAMP: 07/22/25 20:20:45.342349467 UTC
ARCT[0]: 
ARCT[0]: 
Running Pheonix benchmark historgram! 3:06 pm ET, 11/16/2024
TIME STAMP: 07/22/25 20:20:46.986822574 UTC
ARCT[0]: 
***            total - hits:1       seu:110715608    crun:822067511    iall:583665183     icm:160      dcm:7            microsec@500Mhz:1644135
TIME STAMP: 07/22/25 20:20:46.987011836 UTC
ARCT[0]: 
***              dma - hits:513     seu:1988312      crun:524552237    iall:337679611     icm:86       dcm:1            microsec@500Mhz:1049104
ARCT[0]: 
***      intra_vr_mv - hits:196608  seu:3932156      crun:25373421     iall:24772611      icm:21       dcm:2            microsec@500Mhz:50746
ARCT[0]: 
*** intra_vr_compute - hits:0       seu:0            crun:0            iall:0             icm:0        dcm:0            microsec@500Mhz:0
TIME STAMP: 07/22/25 20:20:46.987197368 UTC
ARCT[0]: 
*** inter_vr_compute - hits:196608  seu:100663327    crun:215101047    iall:181469187     icm:24       dcm:2            microsec@500Mhz:430202
ARCT[0]: 
***           lookup - hits:0       seu:0            crun:0            iall:0             icm:0        dcm:0            microsec@500Mhz:0
ARCT[0]: 
ARCT[0]: 
Done!
ARCK[0]: 
After task: 0x5010d0 (0x62d21020, 0x0) ret = 0
TIME STAMP: 07/22/25 20:20:46.987382760 UTC
ARCK[0]: 
Send TASK_COMPLETION_DB to ARM
slot0@localhost:/ > 
