DB0: Task address 0x5010d0
TIME STAMP: 07/22/25 20:23:16.128517424 UTC
ARCK[0]: 
Running task 0x5010d0 (0x3311020, 0x0)
ARCT[0]: 
ARCT[0]: 
Running int16 mamtul Phoenix benchmark, 3:33 pm, 11/23/2024
TIME STAMP: 07/22/25 20:23:16.521183381 UTC
ARCT[0]: 
***            total - hits:1       seu:69742768     crun:196145079    iall:100602289     icm:253      dcm:94555        microsec@500Mhz:392290
TIME STAMP: 07/22/25 20:23:16.521370363 UTC
ARCT[0]: 
***              dma - hits:33      seu:2912         crun:294937       iall:62214         icm:57       dcm:96           microsec@500Mhz:589
ARCT[0]: 
***      intra_vr_mv - hits:0       seu:0            crun:0            iall:0             icm:0        dcm:0            microsec@500Mhz:0
ARCT[0]: 
*** intra_vr_compute - hits:0       seu:0            crun:0            iall:0             icm:0        dcm:0            microsec@500Mhz:0
TIME STAMP: 07/22/25 20:23:16.521573735 UTC
ARCT[0]: 
*** inter_vr_compute - hits:32768   seu:6650840      crun:8987786      iall:7307267       icm:26       dcm:1            microsec@500Mhz:17975
ARCT[0]: 
***           lookup - hits:0       seu:0            crun:0            iall:0             icm:0        dcm:0            microsec@500Mhz:0
ARCT[0]: 
***        duplicate - hits:0       seu:0            crun:0            iall:0             icm:0        dcm:0            microsec@500Mhz:0
ARCK[0]: 
After task: 0x5010d0 (0x3311020, 0x0) ret = 0
TIME STAMP: 07/22/25 20:23:16.521759987 UTC
ARCK[0]: 
Send TASK_COMPLETION_DB to ARM
slot0@localhost:/ > 
