ARCK[0]: 
Running task 0x5034b0 (0x2f41020, 0x0)
TIME STAMP: 07/22/25 17:55:13.192786735 UTC
ARCT[0]: 
ARCT[0]: 
Running binary matmul!
TIME STAMP: 07/22/25 17:55:13.407482212 UTC
ARCT[0]: 
***            total - hits:1       seu:12978177     crun:106833303    iall:67542539      icm:323      dcm:267079       microsec@500Mhz:213666
ARCT[0]: 
***           ld_lhs - hits:1024    seu:172032       crun:1786693      iall:1193994       icm:60       dcm:904          microsec@500Mhz:3573
TIME STAMP: 07/22/25 17:55:13.407669754 UTC
ARCT[0]: 
***           ld_rhs - hits:1       seu:178          crun:72381        iall:16422         icm:119      dcm:3            microsec@500Mhz:144
ARCT[0]: 
***            vr_op - hits:2048    seu:1270785      crun:5217542      iall:2527242       icm:117      dcm:1672         microsec@500Mhz:10435
ARCT[0]: 
***               st - hits:2048    seu:11534336     crun:95304830     iall:61501450      icm:57       dcm:263724       microsec@500Mhz:190609
TIME STAMP: 07/22/25 17:55:13.407854496 UTC
ARCK[0]: 
After task: 0x5034b0 (0x2f41020, 0x0) ret = 0
TIME STAMP: 07/22/25 17:55:13.409293230 UTC
ARCK[0]: 
Send TASK_COMPLETION_DB to ARM
slot0@localhost:/ > 
