Running task 0x5034bc (0x2f41020, 0x0)
TIME STAMP: 08/02/25 08:40:56.352595430 UTC
ARCT[0]: 
ARCT[0]: 
Running binary matmul!
TIME STAMP: 08/02/25 08:40:56.579799633 UTC
ARCT[0]: 
***            total - hits:1       seu:13151233     crun:113168230    iall:68151840      icm:307      dcm:255318       microsec@500Mhz:226336
TIME STAMP: 08/02/25 08:40:56.579988464 UTC
ARCT[0]: 
***           ld_lhs - hits:1024    seu:345088       crun:5845608      iall:1803274       icm:44       dcm:4401         microsec@500Mhz:11691
ARCT[0]: 
***           ld_rhs - hits:1       seu:178          crun:73613        iall:17031         icm:119      dcm:2            microsec@500Mhz:147
TIME STAMP: 08/02/25 08:40:56.580174386 UTC
ARCT[0]: 
***            vr_op - hits:2048    seu:1271808      crun:5115350      iall:2527242       icm:123      dcm:572          microsec@500Mhz:10230
ARCT[0]: 
***               st - hits:2048    seu:11534336     crun:98160613     iall:61501450      icm:55       dcm:250334       microsec@500Mhz:196321
TIME STAMP: 08/02/25 08:40:56.580359698 UTC
ARCK[0]: 
After task: 0x5034bc (0x2f41020, 0x0) ret = 0
TIME STAMP: 08/02/25 08:40:56.581651081 UTC
ARCK[0]: 
Send TASK_COMPLETION_DB to ARM
slot0@localhost:/ > 
