ARCK[0]: 
Running task 0x5010d0 (0x911b020, 0x0)
TIME STAMP: 07/22/25 20:23:49.066278413 UTC
ARCT[0]: 
ARCT[0]: 
Running Pheonix benchmark reverse index! 2:28 pm ET, 11/13/2024
TIME STAMP: 07/22/25 20:23:49.244694927 UTC
ARCT[0]: 
***            total - hits:1       seu:11031780     crun:89048967     iall:50445956      icm:172      dcm:22           microsec@500Mhz:178097
TIME STAMP: 07/22/25 20:23:49.244882319 UTC
ARCT[0]: 
***              dma - hits:20501   seu:33955        crun:39694771     iall:9319102       icm:83       dcm:13           microsec@500Mhz:79389
ARCT[0]: 
***      intra_vr_mv - hits:20480   seu:983040       crun:5722715      iall:4751361       icm:27       dcm:3            microsec@500Mhz:11445
ARCT[0]: 
*** intra_vr_compute - hits:0       seu:0            crun:0            iall:0             icm:0        dcm:0            microsec@500Mhz:0
TIME STAMP: 07/22/25 20:23:49.245090151 UTC
ARCT[0]: 
*** inter_vr_compute - hits:20480   seu:9994238      crun:34721817     iall:30351362      icm:27       dcm:4            microsec@500Mhz:69443
ARCT[0]: 
***           lookup - hits:0       seu:0            crun:0            iall:0             icm:0        dcm:0            microsec@500Mhz:0
ARCT[0]: 
ARCT[0]: 
Done!
ARCK[0]: 
After task: 0x5010d0 (0x911b020, 0x0) ret = 0
TIME STAMP: 07/22/25 20:23:49.245274693 UTC
ARCK[0]: 
Send TASK_COMPLETION_DB to ARM
slot0@localhost:/ > 
