ARCK[0]: 
Running task 0x5010d0 (0x3741020, 0x0)
TIME STAMP: 08/02/25 08:46:42.439978814 UTC
ARCT[0]: 
ARCT[0]: 
Running Pheonix benchmark word count! baseline
TIME STAMP: 08/02/25 08:46:42.455990974 UTC
ARCT[0]: 
***            total - hits:1       seu:2456859      crun:7852644      iall:3616036       icm:172      dcm:17           microsec@500Mhz:15705
TIME STAMP: 08/02/25 08:46:42.456175746 UTC
ARCT[0]: 
***              dma - hits:1       seu:3475         crun:947997       iall:197245        icm:46       dcm:1            microsec@500Mhz:1895
ARCT[0]: 
***      intra_vr_mv - hits:128     seu:67584        crun:196398       iall:125441        icm:31       dcm:3            microsec@500Mhz:392
ARCT[0]: 
*** intra_vr_compute - hits:128     seu:22272        crun:44603        iall:18946         icm:16       dcm:1            microsec@500Mhz:89
TIME STAMP: 08/02/25 08:46:42.456360198 UTC
ARCT[0]: 
*** inter_vr_compute - hits:0       seu:0            crun:0            iall:0             icm:0        dcm:0            microsec@500Mhz:0
ARCT[0]: 
***           lookup - hits:0       seu:0            crun:0            iall:0             icm:0        dcm:0            microsec@500Mhz:0
ARCT[0]: 
ARCT[0]: 
Done!
ARCK[0]: 
After task: 0x5010d0 (0x3741020, 0x0) ret = 0
TIME STAMP: 08/02/25 08:46:42.456558660 UTC
ARCK[0]: 
Send TASK_COMPLETION_DB to ARM
slot0@localhost:/ > 
