DB0: Task address 0x5010d0
ARCK[0]: 
Running task 0x5010d0 (0x82d11020, 0x0)
ARCT[0]: 
ARCT[0]: 
Running Pheonix benchmark linear regression! 1:22 pm ET, 11/11/2024
TIME STAMP: 07/22/25 20:21:58.912973868 UTC
ARCT[0]: 
***            total - hits:1       seu:2380425      crun:92248191     iall:20488707      icm:176      dcm:15           microsec@500Mhz:184496
ARCT[0]: 
***              dma - hits:85      seu:330312       crun:88976125     iall:18763088      icm:55       dcm:1            microsec@500Mhz:177952
ARCT[0]: 
***      intra_vr_mv - hits:0       seu:0            crun:0            iall:0             icm:0        dcm:0            microsec@500Mhz:0
TIME STAMP: 07/22/25 20:21:58.913164100 UTC
ARCT[0]: 
*** intra_vr_compute - hits:85      seu:1146225      crun:1776864      iall:709837        icm:64       dcm:10           microsec@500Mhz:3553
ARCT[0]: 
*** inter_vr_compute - hits:85      seu:902700       crun:1449098      iall:990592        icm:38       dcm:3            microsec@500Mhz:2898
ARCT[0]: 
***           lookup - hits:0       seu:0            crun:0            iall:0             icm:0        dcm:0            microsec@500Mhz:0
TIME STAMP: 07/22/25 20:21:58.913348622 UTC
ARCT[0]: 
ARCT[0]: 
Done!
ARCK[0]: 
After task: 0x5010d0 (0x82d11020, 0x0) ret = 0
TIME STAMP: 07/22/25 20:21:58.913531373 UTC
ARCK[0]: 
Send TASK_COMPLETION_DB to ARM
slot0@localhost:/ > 
