ARCK[0]: 
Running task 0x5010d0 (0x3311020, 0x0)
TIME STAMP: 08/02/25 08:45:15.530063629 UTC
ARCT[0]: 
ARCT[0]: 
Running int16 mamtul Phoenix benchmark
TIME STAMP: 08/02/25 08:45:15.980463684 UTC
ARCT[0]: 
***            total - hits:1       seu:12396544     crun:224743641    iall:64514226      icm:204      dcm:66072        microsec@500Mhz:449487
ARCT[0]: 
***              dma - hits:8448    seu:714771       crun:180240218    iall:38510615      icm:98       dcm:516          microsec@500Mhz:360480
TIME STAMP: 08/02/25 08:45:15.980670726 UTC
ARCT[0]: 
***      intra_vr_mv - hits:0       seu:0            crun:0            iall:0             icm:0        dcm:0            microsec@500Mhz:0
ARCT[0]: 
*** intra_vr_compute - hits:8192    seu:7413778      crun:18459437     iall:10649602      icm:54       dcm:9            microsec@500Mhz:36918
ARCT[0]: 
*** inter_vr_compute - hits:8192    seu:1115408      crun:2143203      iall:1736706       icm:23       dcm:3            microsec@500Mhz:4286
TIME STAMP: 08/02/25 08:45:15.980883638 UTC
ARCT[0]: 
***           lookup - hits:0       seu:0            crun:0            iall:0             icm:0        dcm:0            microsec@500Mhz:0
ARCT[0]: 
***        duplicate - hits:0       seu:0            crun:0            iall:0             icm:0        dcm:0            microsec@500Mhz:0
TIME STAMP: 08/02/25 08:45:15.981067170 UTC
ARCK[0]: 
After task: 0x5010d0 (0x3311020, 0x0) ret = 0
TIME STAMP: 08/02/25 08:45:15.982501634 UTC
ARCK[0]: 
Send TASK_COMPLETION_DB to ARM
slot0@localhost:/ > 
