ARCT[0]: 
ARCT[0]: 
Running KNN cosine distance! Unopt 200GB 11/20/2024
TIME STAMP: 08/02/25 08:50:11.593898079 UTC
ARCT[0]: 
tile_num=6
TIME STAMP: 08/02/25 08:50:11.815209032 UTC
ARCT[0]: 
***            total - hits:1       seu:23079852     crun:110583955    iall:57190629      icm:857      dcm:1461         microsec@500Mhz:221167
ARCT[0]: 
***        l4_l1_dma - hits:48      seu:186624       crun:51358785     iall:22050551      icm:168      dcm:2            microsec@500Mhz:102717
TIME STAMP: 08/02/25 08:50:11.815418635 UTC
ARCT[0]: 
***        l4_l3_dma - hits:1       seu:0            crun:32697        iall:2539          icm:108      dcm:38           microsec@500Mhz:65
ARCT[0]: 
***        l3_l4_pio - hits:1       seu:0            crun:8956         iall:594           icm:38       dcm:13           microsec@500Mhz:17
ARCT[0]: 
***    calc_distance - hits:108     seu:22893228     crun:58680276     iall:34869650      icm:263      dcm:975          microsec@500Mhz:117360
ARCT[0]: 
***            merge - hits:60      seu:0            crun:159718       iall:105841        icm:49       dcm:16           microsec@500Mhz:319
TIME STAMP: 08/02/25 08:50:11.815604976 UTC
ARCT[0]: 
ARCT[0]: 
Done!
ARCK[0]: 
After task: 0x505d1c (0x28502e40, 0x0) ret = 0
TIME STAMP: 08/02/25 08:50:11.815787678 UTC
ARCK[0]: 
Send TASK_COMPLETION_DB to ARM
slot0@localhost:/ > 
