ARCK[0]: 
Running task 0x5010d0 (0x3311020, 0x0)
TIME STAMP: 08/02/25 08:45:10.414789948 UTC
ARCT[0]: 
ARCT[0]: 
Running int16 mamtul Phoenix benchmark
TIME STAMP: 08/02/25 08:45:10.869839530 UTC
ARCT[0]: 
***            total - hits:1       seu:14409928     crun:227062900    iall:64588731      icm:197      dcm:65558        microsec@500Mhz:454125
ARCT[0]: 
***              dma - hits:8448    seu:2719460      crun:182079797    iall:38585128      icm:100      dcm:7            microsec@500Mhz:364159
TIME STAMP: 08/02/25 08:45:10.870045752 UTC
ARCT[0]: 
***      intra_vr_mv - hits:0       seu:0            crun:0            iall:0             icm:0        dcm:0            microsec@500Mhz:0
ARCT[0]: 
*** intra_vr_compute - hits:8192    seu:7471115      crun:18672122     iall:10649602      icm:46       dcm:7            microsec@500Mhz:37344
TIME STAMP: 08/02/25 08:45:10.870229903 UTC
ARCT[0]: 
*** inter_vr_compute - hits:8192    seu:1155078      crun:2143306      iall:1736706       icm:19       dcm:2            microsec@500Mhz:4286
ARCT[0]: 
***           lookup - hits:0       seu:0            crun:0            iall:0             icm:0        dcm:0            microsec@500Mhz:0
ARCT[0]: 
***        duplicate - hits:0       seu:0            crun:0            iall:0             icm:0        dcm:0            microsec@500Mhz:0
TIME STAMP: 08/02/25 08:45:10.870415045 UTC
ARCK[0]: 
After task: 0x5010d0 (0x3311020, 0x0) ret = 0
TIME STAMP: 08/02/25 08:45:10.871848960 UTC
ARCK[0]: 
Send TASK_COMPLETION_DB to ARM
slot0@localhost:/ > 
