ARCK[0]: 
Running task 0x5034fc (0x2f41020, 0x0)
ARCT[0]: 
TIME STAMP: 08/02/25 08:41:10.093585692 UTC
ARCT[0]: 
Running binary matmul, opt2!
TIME STAMP: 08/02/25 08:41:10.310869995 UTC
ARCT[0]: 
***            total - hits:1       seu:14671666     crun:108186647    iall:67397811      icm:344      dcm:266189       microsec@500Mhz:216373
TIME STAMP: 08/02/25 08:41:10.311058567 UTC
ARCT[0]: 
***           ld_lhs - hits:1024    seu:2666         crun:1323053      iall:613484        icm:44       dcm:950          microsec@500Mhz:2646
ARCT[0]: 
***           ld_rhs - hits:1       seu:178          crun:73279        iall:16639         icm:119      dcm:3            microsec@500Mhz:146
ARCT[0]: 
***            vr_op - hits:2048    seu:1316514      crun:4826464      iall:2527251       icm:114      dcm:1036         microsec@500Mhz:9652
TIME STAMP: 08/02/25 08:41:10.311244678 UTC
ARCT[0]: 
***               st - hits:2048    seu:11534336     crun:95287911     iall:61503498      icm:56       dcm:262907       microsec@500Mhz:190575
ARCK[0]: 
After task: 0x5034fc (0x2f41020, 0x0) ret = 0
TIME STAMP: 08/02/25 08:41:10.312691323 UTC
ARCK[0]: 
Send TASK_COMPLETION_DB to ARM
slot0@localhost:/ > 
