DB0: Task address 0x5010d0
ARCK[0]: 
Running task 0x5010d0 (0x3311020, 0x0)
ARCT[0]: 
ARCT[0]: 
Running int16 mamtul Phoenix benchmark
TIME STAMP: 08/02/25 08:44:57.893874830 UTC
ARCT[0]: 
***            total - hits:1       seu:13668608     crun:237255628    iall:70125052      icm:185      dcm:74246        microsec@500Mhz:474511
TIME STAMP: 08/02/25 08:44:57.894083582 UTC
ARCT[0]: 
***              dma - hits:8448    seu:1978632      crun:193706457    iall:44121451      icm:78       dcm:8612         microsec@500Mhz:387412
ARCT[0]: 
***      intra_vr_mv - hits:0       seu:0            crun:0            iall:0             icm:0        dcm:0            microsec@500Mhz:0
TIME STAMP: 08/02/25 08:44:57.894268194 UTC
ARCT[0]: 
*** intra_vr_compute - hits:8192    seu:7414181      crun:18326016     iall:10649602      icm:57       dcm:11           microsec@500Mhz:36652
ARCT[0]: 
*** inter_vr_compute - hits:8192    seu:1163298      crun:2174820      iall:1736706       icm:20       dcm:33           microsec@500Mhz:4349
ARCT[0]: 
***           lookup - hits:0       seu:0            crun:0            iall:0             icm:0        dcm:0            microsec@500Mhz:0
TIME STAMP: 08/02/25 08:44:57.894453035 UTC
ARCT[0]: 
***        duplicate - hits:0       seu:0            crun:0            iall:0             icm:0        dcm:0            microsec@500Mhz:0
ARCK[0]: 
After task: 0x5010d0 (0x3311020, 0x0) ret = 0
TIME STAMP: 08/02/25 08:44:57.895418645 UTC
ARCK[0]: 
Send TASK_COMPLETION_DB to ARM
slot0@localhost:/ > 
