ARCT[0]: 
ARCT[0]: 
Running KNN cosine distance! Opt3 200GB
TIME STAMP: 07/22/25 21:03:09.731772499 UTC
ARCT[0]: 
tile_num=1
TIME STAMP: 07/22/25 21:03:09.770525146 UTC
ARCT[0]: 
***            total - hits:1       seu:3892726      crun:19282194     iall:9871406       icm:752      dcm:606          microsec@500Mhz:38564
ARCT[0]: 
***        l4_l1_dma - hits:8       seu:31104        crun:8598675      iall:3669337       icm:167      dcm:3            microsec@500Mhz:17197
TIME STAMP: 07/22/25 21:03:09.770714488 UTC
ARCT[0]: 
***        l4_l3_dma - hits:1       seu:0            crun:5080         iall:396           icm:22       dcm:4            microsec@500Mhz:10
ARCT[0]: 
***        l3_l4_pio - hits:1       seu:0            crun:7473         iall:521           icm:28       dcm:15           microsec@500Mhz:14
ARCT[0]: 
***    calc_distance - hits:18      seu:3861622      crun:10502139     iall:6151894       icm:286      dcm:277          microsec@500Mhz:21004
ARCT[0]: 
***            merge - hits:10      seu:0            crun:34529        iall:18973         icm:40       dcm:7            microsec@500Mhz:69
ARCT[0]: 
ARCT[0]: 
Done!
TIME STAMP: 07/22/25 21:03:09.770901620 UTC
ARCK[0]: 
After task: 0x504400 (0xa502e40, 0x0) ret = 0
TIME STAMP: 07/22/25 21:03:09.771082272 UTC
ARCK[0]: 
Send TASK_COMPLETION_DB to ARM
slot0@localhost:/ > 
