Running task 0x5010d0 (0x3311020, 0x0)
TIME STAMP: 07/22/25 20:23:11.010084731 UTC
ARCT[0]: 
ARCT[0]: 
Running int16 mamtul Phoenix benchmark
TIME STAMP: 07/22/25 20:23:11.460458946 UTC
ARCT[0]: 
***            total - hits:1       seu:12396544     crun:224814497    iall:64526016      icm:203      dcm:66072        microsec@500Mhz:449628
TIME STAMP: 07/22/25 20:23:11.460646298 UTC
ARCT[0]: 
***              dma - hits:8448    seu:714778       crun:180293109    iall:38522407      icm:94       dcm:516          microsec@500Mhz:360586
ARCT[0]: 
***      intra_vr_mv - hits:0       seu:0            crun:0            iall:0             icm:0        dcm:0            microsec@500Mhz:0
TIME STAMP: 07/22/25 20:23:11.460830710 UTC
ARCT[0]: 
*** intra_vr_compute - hits:8192    seu:7413778      crun:18467713     iall:10649602      icm:54       dcm:9            microsec@500Mhz:36935
ARCT[0]: 
*** inter_vr_compute - hits:8192    seu:1115408      crun:2143793      iall:1736706       icm:25       dcm:3            microsec@500Mhz:4287
TIME STAMP: 07/22/25 20:23:11.461013351 UTC
ARCT[0]: 
***           lookup - hits:0       seu:0            crun:0            iall:0             icm:0        dcm:0            microsec@500Mhz:0
ARCT[0]: 
***        duplicate - hits:0       seu:0            crun:0            iall:0             icm:0        dcm:0            microsec@500Mhz:0
TIME STAMP: 07/22/25 20:23:11.461196063 UTC
ARCK[0]: 
After task: 0x5010d0 (0x3311020, 0x0) ret = 0
TIME STAMP: 07/22/25 20:23:11.462631988 UTC
ARCK[0]: 
Send TASK_COMPLETION_DB to ARM
slot0@localhost:/ > 
