DB0: Task address 0x5010d0
ARCK[0]: 
Running task 0x5010d0 (0x911b020, 0x0)
ARCT[0]: 
ARCT[0]: 
Running Pheonix benchmark reverse index! 2:28 pm ET, 11/13/2024
TIME STAMP: 08/02/25 08:45:28.855871428 UTC
ARCT[0]: 
***            total - hits:1       seu:301252240    crun:1159492517   iall:726230167     icm:207      dcm:272          microsec@500Mhz:2318985
ARCT[0]: 
***              dma - hits:20500   seu:32377        crun:39627919     iall:9345330       icm:63       dcm:1            microsec@500Mhz:79255
TIME STAMP: 08/02/25 08:45:28.856062030 UTC
ARCT[0]: 
***      intra_vr_mv - hits:20480   seu:69650432     crun:455719413    iall:352829443     icm:35       dcm:259          microsec@500Mhz:911438
ARCT[0]: 
*** intra_vr_compute - hits:0       seu:0            crun:0            iall:0             icm:0        dcm:0            microsec@500Mhz:0
ARCT[0]: 
*** inter_vr_compute - hits:0       seu:0            crun:0            iall:0             icm:0        dcm:0            microsec@500Mhz:0
ARCT[0]: 
***           lookup - hits:0       seu:0            crun:0            iall:0             icm:0        dcm:0            microsec@500Mhz:0
ARCT[0]: 
TIME STAMP: 08/02/25 08:45:28.856249262 UTC
ARCT[0]: 
Done!
ARCK[0]: 
After task: 0x5010d0 (0x911b020, 0x0) ret = 0
TIME STAMP: 08/02/25 08:45:28.856479274 UTC
ARCK[0]: 
Send TASK_COMPLETION_DB to ARM
slot0@localhost:/ > 
