ARCK[0]: 
Running task 0x5010d0 (0x3311020, 0x0)
TIME STAMP: 07/22/25 20:23:06.334594419 UTC
ARCT[0]: 
ARCT[0]: 
Running int16 mamtul Phoenix benchmark
TIME STAMP: 07/22/25 20:23:06.789632750 UTC
ARCT[0]: 
***            total - hits:1       seu:14409928     crun:227054824    iall:64576966      icm:199      dcm:65558        microsec@500Mhz:454109
ARCT[0]: 
***              dma - hits:8448    seu:2719452      crun:182098377    iall:38573365      icm:101      dcm:7            microsec@500Mhz:364196
TIME STAMP: 07/22/25 20:23:06.789822002 UTC
ARCT[0]: 
***      intra_vr_mv - hits:0       seu:0            crun:0            iall:0             icm:0        dcm:0            microsec@500Mhz:0
ARCT[0]: 
*** intra_vr_compute - hits:8192    seu:7471115      crun:18672637     iall:10649602      icm:47       dcm:7            microsec@500Mhz:37345
ARCT[0]: 
*** inter_vr_compute - hits:8192    seu:1155075      crun:2143142      iall:1736706       icm:18       dcm:2            microsec@500Mhz:4286
TIME STAMP: 07/22/25 20:23:06.790008354 UTC
ARCT[0]: 
***           lookup - hits:0       seu:0            crun:0            iall:0             icm:0        dcm:0            microsec@500Mhz:0
ARCT[0]: 
***        duplicate - hits:0       seu:0            crun:0            iall:0             icm:0        dcm:0            microsec@500Mhz:0
TIME STAMP: 07/22/25 20:23:06.790192596 UTC
ARCK[0]: 
After task: 0x5010d0 (0x3311020, 0x0) ret = 0
TIME STAMP: 07/22/25 20:23:06.791629680 UTC
ARCK[0]: 
Send TASK_COMPLETION_DB to ARM
slot0@localhost:/ > 
