ARCK[0]: 
DB0: Task address 0x5010d0
ARCK[0]: 
Running task 0x5010d0 (0x3741020, 0x0)
ARCT[0]: 
ARCT[0]: 
Running Pheonix benchmark word count! opt2
TIME STAMP: 08/02/25 08:46:51.834399753 UTC
ARCT[0]: 
***            total - hits:1       seu:2456859      crun:7823420      iall:3574765       icm:157      dcm:17           microsec@500Mhz:15646
ARCT[0]: 
***              dma - hits:1       seu:3474         crun:950046       iall:197204        icm:52       dcm:1            microsec@500Mhz:1900
ARCT[0]: 
***      intra_vr_mv - hits:0       seu:0            crun:0            iall:0             icm:0        dcm:0            microsec@500Mhz:0
TIME STAMP: 08/02/25 08:46:51.834607715 UTC
ARCT[0]: 
*** intra_vr_compute - hits:0       seu:0            crun:0            iall:0             icm:0        dcm:0            microsec@500Mhz:0
ARCT[0]: 
*** inter_vr_compute - hits:0       seu:0            crun:0            iall:0             icm:0        dcm:0            microsec@500Mhz:0
ARCT[0]: 
***           lookup - hits:0       seu:0            crun:0            iall:0             icm:0        dcm:0            microsec@500Mhz:0
ARCT[0]: 
ARCT[0]: 
Done!
ARCK[0]: 
After task: 0x5010d0 (0x3741020, 0x0) ret = 0
TIME STAMP: 08/02/25 08:46:51.834793996 UTC
ARCK[0]: 
Send TASK_COMPLETION_DB to ARM
slot0@localhost:/ > 
