Running task 0x505d0c (0x28502e40, 0x0)
ARCT[0]: 
ARCT[0]: 
Running KNN cosine distance! 200GB 11/20/2024
TIME STAMP: 08/02/25 08:50:51.419853571 UTC
ARCT[0]: 
tile_num=6
TIME STAMP: 08/02/25 08:50:51.541631469 UTC
ARCT[0]: 
***            total - hits:1       seu:4173228      crun:60788512     iall:28690087      icm:776      dcm:1041         microsec@500Mhz:121577
ARCT[0]: 
***        l4_l1_dma - hits:48      seu:186624       crun:51239498     iall:22036530      icm:166      dcm:107          microsec@500Mhz:102478
ARCT[0]: 
***        l4_l3_dma - hits:1       seu:0            crun:31950        iall:2616          icm:102      dcm:0            microsec@500Mhz:63
TIME STAMP: 08/02/25 08:50:51.541850551 UTC
ARCT[0]: 
***        l3_l4_pio - hits:1       seu:0            crun:8233         iall:594           icm:34       dcm:14           microsec@500Mhz:16
ARCT[0]: 
***    calc_distance - hits:108     seu:3986604      crun:9005796      iall:6382994       icm:192      dcm:347          microsec@500Mhz:18011
ARCT[0]: 
***            merge - hits:60      seu:0            crun:157910       iall:105841        icm:49       dcm:21           microsec@500Mhz:315
ARCT[0]: 
ARCT[0]: 
Done!
ARCK[0]: 
After task: 0x505d0c (0x28502e40, 0x0) ret = 0
TIME STAMP: 08/02/25 08:50:51.542052433 UTC
ARCK[0]: 
Send TASK_COMPLETION_DB to ARM
slot0@localhost:/ > 
