DB0: Task address 0x503544
ARCK[0]: 
Running task 0x503544 (0x2f51020, 0x0)
TIME STAMP: 07/22/25 17:54:55.534420144 UTC
ARCT[0]: 
ARCT[0]: 
Running scalar-vector binary matmul!
TIME STAMP: 07/22/25 17:54:55.797989880 UTC
ARCT[0]: 
***            total - hits:1       seu:12876850     crun:131556863    iall:66928593      icm:476      dcm:133462       microsec@500Mhz:263113
ARCT[0]: 
***           ld_lhs - hits:2049    seu:2230450      crun:28770508     iall:16224612      icm:185      dcm:7            microsec@500Mhz:57541
ARCT[0]: 
***           ld_rhs - hits:2048    seu:10520576     crun:96274584     iall:46870538      icm:32       dcm:131073       microsec@500Mhz:192549
TIME STAMP: 07/22/25 17:54:55.798180532 UTC
ARCT[0]: 
***            vr_op - hits:2048    seu:100372       crun:1216628      iall:858122        icm:58       dcm:258          microsec@500Mhz:2433
ARCT[0]: 
***               st - hits:32      seu:2912         crun:751505       iall:307226        icm:110      dcm:928          microsec@500Mhz:1503
ARCK[0]: 
After task: 0x503544 (0x2f51020, 0x0) ret = 0
TIME STAMP: 07/22/25 17:54:55.798365483 UTC
ARCK[0]: 
Send TASK_COMPLETION_DB to ARM
slot0@localhost:/ > 
