TIME STAMP: 08/02/25 08:45:02.432045408 UTC
ARCK[0]: 
DB0: Task address 0x5010d0
ARCK[0]: 
Running task 0x5010d0 (0x3311020, 0x0)
ARCT[0]: 
ARCT[0]: 
Running int16 mamtul Phoenix benchmark, 3:33 pm, 11/23/2024
TIME STAMP: 08/02/25 08:45:05.827124474 UTC
ARCT[0]: 
***            total - hits:1       seu:217599840    crun:1697266434   iall:863404844     icm:146      dcm:2097165      microsec@500Mhz:3394532
ARCT[0]: 
***              dma - hits:0       seu:0            crun:0            iall:0             icm:0        dcm:0            microsec@500Mhz:0
TIME STAMP: 08/02/25 08:45:05.827417247 UTC
ARCT[0]: 
***      intra_vr_mv - hits:0       seu:0            crun:0            iall:0             icm:0        dcm:0            microsec@500Mhz:0
ARCT[0]: 
*** intra_vr_compute - hits:0       seu:0            crun:0            iall:0             icm:0        dcm:0            microsec@500Mhz:0
ARCT[0]: 
*** inter_vr_compute - hits:0       seu:0            crun:0            iall:0             icm:0        dcm:0            microsec@500Mhz:0
ARCT[0]: 
***           lookup - hits:0       seu:0            crun:0            iall:0             icm:0        dcm:0            microsec@500Mhz:0
ARCT[0]: 
***        duplicate - hits:0       seu:0            crun:0            iall:0             icm:0        dcm:0            microsec@500Mhz:0
TIME STAMP: 08/02/25 08:45:05.827625029 UTC
ARCK[0]: 
After task: 0x5010d0 (0x3311020, 0x0) ret = 0
ARCK[0]: 
Send TASK_COMPLETION_DB to ARM
slot0@localhost:/ > 
