DB0: Task address 0x5010d0
ARCK[0]: 
Running task 0x5010d0 (0x2ef1020, 0x0)
ARCT[0]: 
ARCT[0]: 
Running Pheonix benchmark kmeans! 10:11 pm ET, 11/11/2024
TIME STAMP: 07/22/25 20:21:05.072084805 UTC
ARCT[0]: 
***            total - hits:1       seu:204073       crun:1291909      iall:550819        icm:227      dcm:19           microsec@500Mhz:2583
TIME STAMP: 07/22/25 20:21:05.072267327 UTC
ARCT[0]: 
***              dma - hits:2       seu:2035         crun:565258       iall:114237        icm:83       dcm:1            microsec@500Mhz:1130
ARCT[0]: 
***      intra_vr_mv - hits:0       seu:0            crun:0            iall:0             icm:0        dcm:0            microsec@500Mhz:0
ARCT[0]: 
*** intra_vr_compute - hits:0       seu:0            crun:0            iall:0             icm:0        dcm:0            microsec@500Mhz:0
TIME STAMP: 07/22/25 20:21:05.072456989 UTC
ARCT[0]: 
*** inter_vr_compute - hits:1       seu:182          crun:2849         iall:518           icm:11       dcm:1            microsec@500Mhz:5
ARCT[0]: 
***           lookup - hits:0       seu:0            crun:0            iall:0             icm:0        dcm:0            microsec@500Mhz:0
ARCT[0]: 
ARCT[0]: 
Done!
ARCK[0]: 
After task: 0x5010d0 (0x2ef1020, 0x0) ret = 0
TIME STAMP: 07/22/25 20:21:05.072645251 UTC
ARCK[0]: 
Send TASK_COMPLETION_DB to ARM
slot0@localhost:/ > 
