DB0: Task address 0x5010d0
ARCK[0]: 
Running task 0x5010d0 (0x22d11020, 0x0)
ARCT[0]: 
ARCT[0]: 
Running Pheonix benchmark string match! 9:30 pm ET, 11/11/2024
TIME STAMP: 07/22/25 20:24:37.993196078 UTC
ARCT[0]: 
***            total - hits:1       seu:649152       crun:45404446     iall:10323995      icm:127      dcm:14           microsec@500Mhz:90808
TIME STAMP: 07/22/25 20:24:37.993384960 UTC
ARCT[0]: 
***              dma - hits:42      seu:163128       crun:43933505     iall:9286941       icm:49       dcm:1            microsec@500Mhz:87867
ARCT[0]: 
***      intra_vr_mv - hits:0       seu:0            crun:0            iall:0             icm:0        dcm:0            microsec@500Mhz:0
ARCT[0]: 
*** intra_vr_compute - hits:336     seu:233856       crun:371913       iall:141122        icm:22       dcm:2            microsec@500Mhz:743
TIME STAMP: 07/22/25 20:24:37.993572952 UTC
ARCT[0]: 
*** inter_vr_compute - hits:336     seu:252000       crun:983707       iall:824210        icm:30       dcm:8            microsec@500Mhz:1967
ARCT[0]: 
***           lookup - hits:0       seu:0            crun:0            iall:0             icm:0        dcm:0            microsec@500Mhz:0
ARCT[0]: 
ARCT[0]: 
Done!
ARCK[0]: 
After task: 0x5010d0 (0x22d11020, 0x0) ret = 0
TIME STAMP: 07/22/25 20:24:37.993777984 UTC
ARCK[0]: 
Send TASK_COMPLETION_DB to ARM
slot0@localhost:/ > 
