TIME STAMP: 07/22/25 20:20:00.709357867 UTC
ARCK[0]: 
DB0: Task address 0x5010d0
ARCK[0]: 
Running task 0x5010d0 (0x62d21020, 0x0)
ARCT[0]: 
ARCT[0]: 
Running Pheonix benchmark historgram!
TIME STAMP: 07/22/25 20:20:00.710394688 UTC
ARCT[0]: 
num_tiles=768
TIME STAMP: 07/22/25 20:20:04.562616546 UTC
ARCT[0]: 
***            total - hits:1       seu:317743964    crun:1926402222   iall:928442342     icm:174      dcm:25175152     microsec@500Mhz:3852804
TIME STAMP: 07/22/25 20:20:04.562804768 UTC
ARCT[0]: 
***         l4_to_l3 - hits:768     seu:0            crun:150989616    iall:31648561      icm:12       dcm:3069         microsec@500Mhz:301979
ARCT[0]: 
***             calc - hits:1572864 seu:308282842    crun:1456141751   iall:682622980     icm:29       dcm:25165824     microsec@500Mhz:2912283
TIME STAMP: 07/22/25 20:20:04.562988720 UTC
ARCT[0]: 
***         l1_to_l4 - hits:1       seu:81           crun:31746        iall:4312          icm:39       dcm:4            microsec@500Mhz:63
ARCT[0]: 
ARCT[0]: 
Done!
ARCK[0]: 
After task: 0x5010d0 (0x62d21020, 0x0) ret = 0
ARCK[0]: 
Send TASK_COMPLETION_DB to ARM
slot0@localhost:/ > 
