DB0: Task address 0x5010d0
ARCK[0]: 
Running task 0x5010d0 (0x42d11020, 0x0)
ARCT[0]: 
ARCT[0]: 
Running Pheonix benchmark linear regression! 1:22 pm ET, 11/11/2024
TIME STAMP: 08/02/25 08:44:23.118623893 UTC
ARCT[0]: 
***            total - hits:1       seu:1638882      crun:46361835     iall:10581292      icm:173      dcm:16           microsec@500Mhz:92723
TIME STAMP: 08/02/25 08:44:23.118813085 UTC
ARCT[0]: 
***              dma - hits:42      seu:163212       crun:43949147     iall:9245703       icm:52       dcm:1            microsec@500Mhz:87898
ARCT[0]: 
***      intra_vr_mv - hits:0       seu:0            crun:0            iall:0             icm:0        dcm:0            microsec@500Mhz:0
ARCT[0]: 
*** intra_vr_compute - hits:42      seu:566370       crun:893689       iall:350744        icm:64       dcm:9            microsec@500Mhz:1787
TIME STAMP: 08/02/25 08:44:23.118999817 UTC
ARCT[0]: 
*** inter_vr_compute - hits:42      seu:908683       crun:1489932      iall:972301        icm:37       dcm:5            microsec@500Mhz:2979
ARCT[0]: 
***           lookup - hits:0       seu:0            crun:0            iall:0             icm:0        dcm:0            microsec@500Mhz:0
ARCT[0]: 
ARCT[0]: 
Done!
ARCK[0]: 
After task: 0x5010d0 (0x42d11020, 0x0) ret = 0
TIME STAMP: 08/02/25 08:44:23.119185399 UTC
ARCK[0]: 
Send TASK_COMPLETION_DB to ARM
slot0@localhost:/ > 
