ARCK[0]: 
Running task 0x5010d0 (0x82d11020, 0x0)
TIME STAMP: 08/02/25 08:44:10.329735274 UTC
ARCT[0]: 
ARCT[0]: 
Running Pheonix benchmark linear regression! 1:22 pm ET, 11/11/2024
TIME STAMP: 08/02/25 08:44:10.514463272 UTC
ARCT[0]: 
***            total - hits:1       seu:2380425      crun:92234502     iall:20489521      icm:171      dcm:15           microsec@500Mhz:184469
TIME STAMP: 08/02/25 08:44:10.514650964 UTC
ARCT[0]: 
***              dma - hits:85      seu:330312       crun:88965437     iall:18763909      icm:54       dcm:1            microsec@500Mhz:177930
ARCT[0]: 
***      intra_vr_mv - hits:0       seu:0            crun:0            iall:0             icm:0        dcm:0            microsec@500Mhz:0
ARCT[0]: 
*** intra_vr_compute - hits:85      seu:1146225      crun:1773598      iall:709837        icm:64       dcm:10           microsec@500Mhz:3547
TIME STAMP: 08/02/25 08:44:10.514837065 UTC
ARCT[0]: 
*** inter_vr_compute - hits:85      seu:902700       crun:1449554      iall:990592        icm:34       dcm:3            microsec@500Mhz:2899
ARCT[0]: 
***           lookup - hits:0       seu:0            crun:0            iall:0             icm:0        dcm:0            microsec@500Mhz:0
ARCT[0]: 
ARCT[0]: 
Done!
ARCK[0]: 
After task: 0x5010d0 (0x82d11020, 0x0) ret = 0
TIME STAMP: 08/02/25 08:44:10.515021307 UTC
ARCK[0]: 
Send TASK_COMPLETION_DB to ARM
slot0@localhost:/ > 
