ARCK[0]: 
Running task 0x5010d0 (0x2ef1020, 0x0)
TIME STAMP: 08/02/25 08:43:19.951073049 UTC
ARCT[0]: 
ARCT[0]: 
Running Pheonix benchmark kmeans! 10:11 pm ET, 11/11/2024
TIME STAMP: 08/02/25 08:43:19.983416462 UTC
ARCT[0]: 
***            total - hits:1       seu:1802307      crun:15963583     iall:7554828       icm:205      dcm:20707        microsec@500Mhz:31927
ARCT[0]: 
***              dma - hits:2       seu:2032         crun:567069       iall:114219        icm:83       dcm:5            microsec@500Mhz:1134
TIME STAMP: 08/02/25 08:43:19.983601514 UTC
ARCT[0]: 
***      intra_vr_mv - hits:0       seu:0            crun:0            iall:0             icm:0        dcm:0            microsec@500Mhz:0
ARCT[0]: 
*** intra_vr_compute - hits:0       seu:0            crun:0            iall:0             icm:0        dcm:0            microsec@500Mhz:0
ARCT[0]: 
*** inter_vr_compute - hits:1       seu:185          crun:5728         iall:518           icm:17       dcm:4            microsec@500Mhz:11
TIME STAMP: 08/02/25 08:43:19.983785366 UTC
ARCT[0]: 
***           lookup - hits:0       seu:0            crun:0            iall:0             icm:0        dcm:0            microsec@500Mhz:0
ARCT[0]: 
ARCT[0]: 
Done!
ARCK[0]: 
After task: 0x5010d0 (0x2ef1020, 0x0) ret = 0
TIME STAMP: 08/02/25 08:43:19.983967908 UTC
ARCK[0]: 
Send TASK_COMPLETION_DB to ARM
slot0@localhost:/ > 
