ARCK[0]: 
DB0: Task address 0x5010d0
ARCK[0]: 
Running task 0x5010d0 (0x3311020, 0x0)
ARCT[0]: 
ARCT[0]: 
Running int16 mamtul Phoenix benchmark, 3:33 pm, 11/23/2024
TIME STAMP: 07/22/25 20:23:01.971784004 UTC
ARCT[0]: 
***            total - hits:1       seu:217599840    crun:1697252669   iall:863404935     icm:152      dcm:2097165      microsec@500Mhz:3394505
TIME STAMP: 07/22/25 20:23:01.971973076 UTC
ARCT[0]: 
***              dma - hits:0       seu:0            crun:0            iall:0             icm:0        dcm:0            microsec@500Mhz:0
ARCT[0]: 
***      intra_vr_mv - hits:0       seu:0            crun:0            iall:0             icm:0        dcm:0            microsec@500Mhz:0
ARCT[0]: 
*** intra_vr_compute - hits:0       seu:0            crun:0            iall:0             icm:0        dcm:0            microsec@500Mhz:0
TIME STAMP: 07/22/25 20:23:01.972161268 UTC
ARCT[0]: 
*** inter_vr_compute - hits:0       seu:0            crun:0            iall:0             icm:0        dcm:0            microsec@500Mhz:0
ARCT[0]: 
***           lookup - hits:0       seu:0            crun:0            iall:0             icm:0        dcm:0            microsec@500Mhz:0
ARCT[0]: 
***        duplicate - hits:0       seu:0            crun:0            iall:0             icm:0        dcm:0            microsec@500Mhz:0
ARCK[0]: 
After task: 0x5010d0 (0x3311020, 0x0) ret = 0
TIME STAMP: 07/22/25 20:23:01.972346560 UTC
ARCK[0]: 
Send TASK_COMPLETION_DB to ARM
slot0@localhost:/ > 
