DB0: Task address 0x5010d0
ARCK[0]: 
Running task 0x5010d0 (0x911b020, 0x0)
ARCT[0]: 
ARCT[0]: 
Running Pheonix benchmark reverse index! 2:28 pm ET, 11/13/2024
TIME STAMP: 08/02/25 08:45:34.552851987 UTC
ARCT[0]: 
***            total - hits:1       seu:11052192     crun:94337057     iall:51660765      icm:192      dcm:22           microsec@500Mhz:188674
ARCT[0]: 
***              dma - hits:20501   seu:54367        crun:45020554     iall:10533906      icm:90       dcm:13           microsec@500Mhz:90041
TIME STAMP: 08/02/25 08:45:34.553092529 UTC
ARCT[0]: 
***      intra_vr_mv - hits:20480   seu:983040       crun:5682444      iall:4751361       icm:29       dcm:3            microsec@500Mhz:11364
ARCT[0]: 
*** intra_vr_compute - hits:0       seu:0            crun:0            iall:0             icm:0        dcm:0            microsec@500Mhz:0
ARCT[0]: 
*** inter_vr_compute - hits:20480   seu:9994238      crun:34723609     iall:30351363      icm:34       dcm:4            microsec@500Mhz:69447
ARCT[0]: 
***           lookup - hits:0       seu:0            crun:0            iall:0             icm:0        dcm:0            microsec@500Mhz:0
TIME STAMP: 08/02/25 08:45:34.553280241 UTC
ARCT[0]: 
ARCT[0]: 
Done!
ARCK[0]: 
After task: 0x5010d0 (0x911b020, 0x0) ret = 0
TIME STAMP: 08/02/25 08:45:34.553462683 UTC
ARCK[0]: 
Send TASK_COMPLETION_DB to ARM
slot0@localhost:/ > 
