DB0: Task address 0x506338
ARCK[0]: 
Running task 0x506338 (0x2f51020, 0x0)
TIME STAMP: 07/22/25 22:27:18.507676551 UTC
ARCT[0]: 
ARCT[0]: 
Running optimized binary matmul!
TIME STAMP: 07/22/25 22:27:18.520219336 UTC
ARCT[0]: 
***            total - hits:1       seu:3991129      crun:6058392      iall:1806609       icm:715      dcm:8304         microsec@500Mhz:12116
ARCT[0]: 
***           ld_lhs - hits:1       seu:0            crun:70364        iall:31025         icm:88       dcm:13           microsec@500Mhz:140
TIME STAMP: 07/22/25 22:27:18.520407738 UTC
ARCT[0]: 
***           ld_rhs - hits:1       seu:712          crun:223404       iall:125733        icm:180      dcm:21           microsec@500Mhz:446
ARCT[0]: 
***            vr_op - hits:32      seu:3987146      crun:5145119      iall:1407314       icm:138      dcm:8213         microsec@500Mhz:10290
ARCT[0]: 
***               st - hits:32      seu:2912         crun:112399       iall:49577         icm:149      dcm:24           microsec@500Mhz:224
TIME STAMP: 07/22/25 22:27:18.520605780 UTC
ARCK[0]: 
After task: 0x506338 (0x2f51020, 0x0) ret = 0
ARCK[0]: 
Send TASK_COMPLETION_DB to ARM
slot0@localhost:/ > 
