Rank,Device,Bank -> bank_energy:
0,0,0 -> ACT: 1.79495e-10 PRE: 2.07692e-10 BG_ACT: 4.84327e-11 BG_PRE: 3.89423e-11 RD: 6.97108e-09 WR: 0 RDA: 0 WRA: 0 PRE_RDA: 0 PRE_WRA: 0 REF_AB: 0 REF_PB: 0 REF_SB: 0 REF_2B: 0 
0,0,1 -> ACT: 0 PRE: 0 BG_ACT: 0 BG_PRE: 3.89423e-11 RD: 0 WR: 0 RDA: 0 WRA: 0 PRE_RDA: 0 PRE_WRA: 0 REF_AB: 0 REF_PB: 0 REF_SB: 0 REF_2B: 0 
0,0,2 -> ACT: 0 PRE: 0 BG_ACT: 0 BG_PRE: 3.89423e-11 RD: 0 WR: 0 RDA: 0 WRA: 0 PRE_RDA: 0 PRE_WRA: 0 REF_AB: 0 REF_PB: 0 REF_SB: 0 REF_2B: 0 
0,0,3 -> ACT: 0 PRE: 0 BG_ACT: 0 BG_PRE: 3.89423e-11 RD: 0 WR: 0 RDA: 0 WRA: 0 PRE_RDA: 0 PRE_WRA: 0 REF_AB: 0 REF_PB: 0 REF_SB: 0 REF_2B: 0 
0,0,4 -> ACT: 0 PRE: 0 BG_ACT: 0 BG_PRE: 3.89423e-11 RD: 0 WR: 0 RDA: 0 WRA: 0 PRE_RDA: 0 PRE_WRA: 0 REF_AB: 0 REF_PB: 0 REF_SB: 0 REF_2B: 0 
0,0,5 -> ACT: 0 PRE: 0 BG_ACT: 0 BG_PRE: 3.89423e-11 RD: 0 WR: 0 RDA: 0 WRA: 0 PRE_RDA: 0 PRE_WRA: 0 REF_AB: 0 REF_PB: 0 REF_SB: 0 REF_2B: 0 
0,0,6 -> ACT: 0 PRE: 0 BG_ACT: 0 BG_PRE: 3.89423e-11 RD: 0 WR: 0 RDA: 0 WRA: 0 PRE_RDA: 0 PRE_WRA: 0 REF_AB: 0 REF_PB: 0 REF_SB: 0 REF_2B: 0 
0,0,7 -> ACT: 0 PRE: 0 BG_ACT: 0 BG_PRE: 3.89423e-11 RD: 0 WR: 0 RDA: 0 WRA: 0 PRE_RDA: 0 PRE_WRA: 0 REF_AB: 0 REF_PB: 0 REF_SB: 0 REF_2B: 0 
0,0,8 -> ACT: 0 PRE: 0 BG_ACT: 0 BG_PRE: 3.89423e-11 RD: 0 WR: 0 RDA: 0 WRA: 0 PRE_RDA: 0 PRE_WRA: 0 REF_AB: 0 REF_PB: 0 REF_SB: 0 REF_2B: 0 
0,0,9 -> ACT: 0 PRE: 0 BG_ACT: 0 BG_PRE: 3.89423e-11 RD: 0 WR: 0 RDA: 0 WRA: 0 PRE_RDA: 0 PRE_WRA: 0 REF_AB: 0 REF_PB: 0 REF_SB: 0 REF_2B: 0 
0,0,10 -> ACT: 0 PRE: 0 BG_ACT: 0 BG_PRE: 3.89423e-11 RD: 0 WR: 0 RDA: 0 WRA: 0 PRE_RDA: 0 PRE_WRA: 0 REF_AB: 0 REF_PB: 0 REF_SB: 0 REF_2B: 0 
0,0,11 -> ACT: 0 PRE: 0 BG_ACT: 0 BG_PRE: 3.89423e-11 RD: 0 WR: 0 RDA: 0 WRA: 0 PRE_RDA: 0 PRE_WRA: 0 REF_AB: 0 REF_PB: 0 REF_SB: 0 REF_2B: 0 
0,0,12 -> ACT: 0 PRE: 0 BG_ACT: 0 BG_PRE: 3.89423e-11 RD: 0 WR: 0 RDA: 0 WRA: 0 PRE_RDA: 0 PRE_WRA: 0 REF_AB: 0 REF_PB: 0 REF_SB: 0 REF_2B: 0 
0,0,13 -> ACT: 0 PRE: 0 BG_ACT: 0 BG_PRE: 3.89423e-11 RD: 0 WR: 0 RDA: 0 WRA: 0 PRE_RDA: 0 PRE_WRA: 0 REF_AB: 0 REF_PB: 0 REF_SB: 0 REF_2B: 0 
0,0,14 -> ACT: 0 PRE: 0 BG_ACT: 0 BG_PRE: 3.89423e-11 RD: 0 WR: 0 RDA: 0 WRA: 0 PRE_RDA: 0 PRE_WRA: 0 REF_AB: 0 REF_PB: 0 REF_SB: 0 REF_2B: 0 
0,0,15 -> ACT: 0 PRE: 0 BG_ACT: 0 BG_PRE: 3.89423e-11 RD: 0 WR: 0 RDA: 0 WRA: 0 PRE_RDA: 0 PRE_WRA: 0 REF_AB: 0 REF_PB: 0 REF_SB: 0 REF_2B: 0 
Cumulated bank energy with bg_act_shared -> ACT: 1.79495e-10 PRE: 2.07692e-10 BG_ACT: 9.92028e-09 BG_PRE: 6.23077e-10 RD: 6.97108e-09 WR: 0 RDA: 0 WRA: 0 PRE_RDA: 0 PRE_WRA: 0 REF_AB: 0 REF_PB: 0 REF_SB: 0 REF_2B: 0 
Shared energy -> E_bg_act_shared: 9.87185e-09 E_PDNA: 0 E_PDNP: 0 E_sref: 0 E_dsm: 0 E_refab: 0 
Interface Energy:
Controller: dynamicEnergy: 9.28e-10 staticEnergy: 6.82338e-13
DRAM: dynamicEnergy: 3.12e-10 staticEnergy: 5.13969e-13
Total: 1.2412e-09
Total Energy -> 1.91428165e-08
