Rank,Device,Bank -> bank_energy:
0,0,0 -> ACT: 6.92308e-10 PRE: 8.12308e-10 BG_ACT: 3.534e-09 BG_PRE: 2.50962e-10 RD: 5.61969e-09 WR: 0 RDA: 0 WRA: 0 PRE_RDA: 0 PRE_WRA: 0 REF_AB: 0 REF_PB: 0 REF_SB: 0 REF_2B: 0 
0,0,1 -> ACT: 6.92308e-10 PRE: 8.12308e-10 BG_ACT: 3.48e-09 BG_PRE: 2.50962e-10 RD: 5.61969e-09 WR: 0 RDA: 0 WRA: 0 PRE_RDA: 0 PRE_WRA: 0 REF_AB: 0 REF_PB: 0 REF_SB: 0 REF_2B: 0 
0,0,2 -> ACT: 0 PRE: 0 BG_ACT: 0 BG_PRE: 2.50962e-10 RD: 0 WR: 0 RDA: 0 WRA: 0 PRE_RDA: 0 PRE_WRA: 0 REF_AB: 0 REF_PB: 0 REF_SB: 0 REF_2B: 0 
0,0,3 -> ACT: 0 PRE: 0 BG_ACT: 0 BG_PRE: 2.50962e-10 RD: 0 WR: 0 RDA: 0 WRA: 0 PRE_RDA: 0 PRE_WRA: 0 REF_AB: 0 REF_PB: 0 REF_SB: 0 REF_2B: 0 
0,0,4 -> ACT: 0 PRE: 0 BG_ACT: 0 BG_PRE: 2.50962e-10 RD: 0 WR: 0 RDA: 0 WRA: 0 PRE_RDA: 0 PRE_WRA: 0 REF_AB: 0 REF_PB: 0 REF_SB: 0 REF_2B: 0 
0,0,5 -> ACT: 0 PRE: 0 BG_ACT: 0 BG_PRE: 2.50962e-10 RD: 0 WR: 0 RDA: 0 WRA: 0 PRE_RDA: 0 PRE_WRA: 0 REF_AB: 0 REF_PB: 0 REF_SB: 0 REF_2B: 0 
0,0,6 -> ACT: 0 PRE: 0 BG_ACT: 0 BG_PRE: 2.50962e-10 RD: 0 WR: 0 RDA: 0 WRA: 0 PRE_RDA: 0 PRE_WRA: 0 REF_AB: 0 REF_PB: 0 REF_SB: 0 REF_2B: 0 
0,0,7 -> ACT: 0 PRE: 0 BG_ACT: 0 BG_PRE: 2.50962e-10 RD: 0 WR: 0 RDA: 0 WRA: 0 PRE_RDA: 0 PRE_WRA: 0 REF_AB: 0 REF_PB: 0 REF_SB: 0 REF_2B: 0 
0,0,8 -> ACT: 0 PRE: 0 BG_ACT: 0 BG_PRE: 2.50962e-10 RD: 0 WR: 0 RDA: 0 WRA: 0 PRE_RDA: 0 PRE_WRA: 0 REF_AB: 0 REF_PB: 0 REF_SB: 0 REF_2B: 0 
0,0,9 -> ACT: 0 PRE: 0 BG_ACT: 0 BG_PRE: 2.50962e-10 RD: 0 WR: 0 RDA: 0 WRA: 0 PRE_RDA: 0 PRE_WRA: 0 REF_AB: 0 REF_PB: 0 REF_SB: 0 REF_2B: 0 
0,0,10 -> ACT: 0 PRE: 0 BG_ACT: 0 BG_PRE: 2.50962e-10 RD: 0 WR: 0 RDA: 0 WRA: 0 PRE_RDA: 0 PRE_WRA: 0 REF_AB: 0 REF_PB: 0 REF_SB: 0 REF_2B: 0 
0,0,11 -> ACT: 0 PRE: 0 BG_ACT: 0 BG_PRE: 2.50962e-10 RD: 0 WR: 0 RDA: 0 WRA: 0 PRE_RDA: 0 PRE_WRA: 0 REF_AB: 0 REF_PB: 0 REF_SB: 0 REF_2B: 0 
0,0,12 -> ACT: 0 PRE: 0 BG_ACT: 0 BG_PRE: 2.50962e-10 RD: 0 WR: 0 RDA: 0 WRA: 0 PRE_RDA: 0 PRE_WRA: 0 REF_AB: 0 REF_PB: 0 REF_SB: 0 REF_2B: 0 
0,0,13 -> ACT: 0 PRE: 0 BG_ACT: 0 BG_PRE: 2.50962e-10 RD: 0 WR: 0 RDA: 0 WRA: 0 PRE_RDA: 0 PRE_WRA: 0 REF_AB: 0 REF_PB: 0 REF_SB: 0 REF_2B: 0 
0,0,14 -> ACT: 0 PRE: 0 BG_ACT: 0 BG_PRE: 2.50962e-10 RD: 0 WR: 0 RDA: 0 WRA: 0 PRE_RDA: 0 PRE_WRA: 0 REF_AB: 0 REF_PB: 0 REF_SB: 0 REF_2B: 0 
0,0,15 -> ACT: 0 PRE: 0 BG_ACT: 0 BG_PRE: 2.50962e-10 RD: 0 WR: 0 RDA: 0 WRA: 0 PRE_RDA: 0 PRE_WRA: 0 REF_AB: 0 REF_PB: 0 REF_SB: 0 REF_2B: 0 
Cumulated bank energy with bg_act_shared -> ACT: 1.38462e-09 PRE: 1.62462e-09 BG_ACT: 1.70494e-07 BG_PRE: 4.01538e-09 RD: 1.12394e-08 WR: 0 RDA: 0 WRA: 0 PRE_RDA: 0 PRE_WRA: 0 REF_AB: 0 REF_PB: 0 REF_SB: 0 REF_2B: 0 
Shared energy -> E_bg_act_shared: 1.6348e-07 E_PDNA: 0 E_PDNP: 0 E_sref: 0 E_dsm: 0 E_refab: 0 
Interface Energy:
Controller: dynamicEnergy: 2.48e-09 staticEnergy: 2.41827e-13
DRAM: dynamicEnergy: 0 staticEnergy: 0
Total: 2.48024e-09
Total Energy -> 1.912383956730769e-07
