Rank,Device,Bank -> bank_energy:
0,0,0 -> ACT: 1.79495e-10 PRE: 2.07692e-10 BG_ACT: 9.62019e-11 BG_PRE: 3.89423e-11 RD: 1.39422e-08 WR: 0 RDA: 0 WRA: 0 PRE_RDA: 0 PRE_WRA: 0 REF_AB: 0 REF_PB: 0 REF_SB: 0 REF_2B: 0 
0,0,1 -> ACT: 0 PRE: 0 BG_ACT: 0 BG_PRE: 3.89423e-11 RD: 0 WR: 0 RDA: 0 WRA: 0 PRE_RDA: 0 PRE_WRA: 0 REF_AB: 0 REF_PB: 0 REF_SB: 0 REF_2B: 0 
0,0,2 -> ACT: 0 PRE: 0 BG_ACT: 0 BG_PRE: 3.89423e-11 RD: 0 WR: 0 RDA: 0 WRA: 0 PRE_RDA: 0 PRE_WRA: 0 REF_AB: 0 REF_PB: 0 REF_SB: 0 REF_2B: 0 
0,0,3 -> ACT: 0 PRE: 0 BG_ACT: 0 BG_PRE: 3.89423e-11 RD: 0 WR: 0 RDA: 0 WRA: 0 PRE_RDA: 0 PRE_WRA: 0 REF_AB: 0 REF_PB: 0 REF_SB: 0 REF_2B: 0 
0,0,4 -> ACT: 0 PRE: 0 BG_ACT: 0 BG_PRE: 3.89423e-11 RD: 0 WR: 0 RDA: 0 WRA: 0 PRE_RDA: 0 PRE_WRA: 0 REF_AB: 0 REF_PB: 0 REF_SB: 0 REF_2B: 0 
0,0,5 -> ACT: 0 PRE: 0 BG_ACT: 0 BG_PRE: 3.89423e-11 RD: 0 WR: 0 RDA: 0 WRA: 0 PRE_RDA: 0 PRE_WRA: 0 REF_AB: 0 REF_PB: 0 REF_SB: 0 REF_2B: 0 
0,0,6 -> ACT: 0 PRE: 0 BG_ACT: 0 BG_PRE: 3.89423e-11 RD: 0 WR: 0 RDA: 0 WRA: 0 PRE_RDA: 0 PRE_WRA: 0 REF_AB: 0 REF_PB: 0 REF_SB: 0 REF_2B: 0 
0,0,7 -> ACT: 0 PRE: 0 BG_ACT: 0 BG_PRE: 3.89423e-11 RD: 0 WR: 0 RDA: 0 WRA: 0 PRE_RDA: 0 PRE_WRA: 0 REF_AB: 0 REF_PB: 0 REF_SB: 0 REF_2B: 0 
0,0,8 -> ACT: 0 PRE: 0 BG_ACT: 0 BG_PRE: 3.89423e-11 RD: 0 WR: 0 RDA: 0 WRA: 0 PRE_RDA: 0 PRE_WRA: 0 REF_AB: 0 REF_PB: 0 REF_SB: 0 REF_2B: 0 
0,0,9 -> ACT: 0 PRE: 0 BG_ACT: 0 BG_PRE: 3.89423e-11 RD: 0 WR: 0 RDA: 0 WRA: 0 PRE_RDA: 0 PRE_WRA: 0 REF_AB: 0 REF_PB: 0 REF_SB: 0 REF_2B: 0 
0,0,10 -> ACT: 0 PRE: 0 BG_ACT: 0 BG_PRE: 3.89423e-11 RD: 0 WR: 0 RDA: 0 WRA: 0 PRE_RDA: 0 PRE_WRA: 0 REF_AB: 0 REF_PB: 0 REF_SB: 0 REF_2B: 0 
0,0,11 -> ACT: 0 PRE: 0 BG_ACT: 0 BG_PRE: 3.89423e-11 RD: 0 WR: 0 RDA: 0 WRA: 0 PRE_RDA: 0 PRE_WRA: 0 REF_AB: 0 REF_PB: 0 REF_SB: 0 REF_2B: 0 
0,0,12 -> ACT: 0 PRE: 0 BG_ACT: 0 BG_PRE: 3.89423e-11 RD: 0 WR: 0 RDA: 0 WRA: 0 PRE_RDA: 0 PRE_WRA: 0 REF_AB: 0 REF_PB: 0 REF_SB: 0 REF_2B: 0 
0,0,13 -> ACT: 0 PRE: 0 BG_ACT: 0 BG_PRE: 3.89423e-11 RD: 0 WR: 0 RDA: 0 WRA: 0 PRE_RDA: 0 PRE_WRA: 0 REF_AB: 0 REF_PB: 0 REF_SB: 0 REF_2B: 0 
0,0,14 -> ACT: 0 PRE: 0 BG_ACT: 0 BG_PRE: 3.89423e-11 RD: 0 WR: 0 RDA: 0 WRA: 0 PRE_RDA: 0 PRE_WRA: 0 REF_AB: 0 REF_PB: 0 REF_SB: 0 REF_2B: 0 
0,0,15 -> ACT: 0 PRE: 0 BG_ACT: 0 BG_PRE: 3.89423e-11 RD: 0 WR: 0 RDA: 0 WRA: 0 PRE_RDA: 0 PRE_WRA: 0 REF_AB: 0 REF_PB: 0 REF_SB: 0 REF_2B: 0 
Cumulated bank energy with bg_act_shared -> ACT: 1.79495e-10 PRE: 2.07692e-10 BG_ACT: 1.97047e-08 BG_PRE: 6.23077e-10 RD: 1.39422e-08 WR: 0 RDA: 0 WRA: 0 PRE_RDA: 0 PRE_WRA: 0 REF_AB: 0 REF_PB: 0 REF_SB: 0 REF_2B: 0 
Shared energy -> E_bg_act_shared: 1.96085e-08 E_PDNA: 0 E_PDNP: 0 E_sref: 0 E_dsm: 0 E_refab: 0 
Interface Energy:
Controller: dynamicEnergy: 1.776e-09 staticEnergy: 1.30265e-12
DRAM: dynamicEnergy: 6.24e-10 staticEnergy: 1.01908e-12
Total: 2.40232e-09
Total Energy -> 3.705940345384615e-08
