DB0: Task address 0x5010d0
ARCK[0]: 
Running task 0x5010d0 (0x2ef1020, 0x0)
ARCT[0]: 
ARCT[0]: 
Running Pheonix benchmark kmeans! 10:11 pm ET, 11/11/2024
TIME STAMP: 07/22/25 20:21:00.439717544 UTC
ARCT[0]: 
***            total - hits:1       seu:1802307      crun:15964395     iall:7554738       icm:206      dcm:20707        microsec@500Mhz:31928
TIME STAMP: 07/22/25 20:21:00.439904456 UTC
ARCT[0]: 
***              dma - hits:2       seu:2032         crun:566867       iall:114129        icm:84       dcm:5            microsec@500Mhz:1133
ARCT[0]: 
***      intra_vr_mv - hits:0       seu:0            crun:0            iall:0             icm:0        dcm:0            microsec@500Mhz:0
ARCT[0]: 
*** intra_vr_compute - hits:0       seu:0            crun:0            iall:0             icm:0        dcm:0            microsec@500Mhz:0
TIME STAMP: 07/22/25 20:21:00.440117318 UTC
ARCT[0]: 
*** inter_vr_compute - hits:1       seu:185          crun:5692         iall:518           icm:17       dcm:4            microsec@500Mhz:11
ARCT[0]: 
***           lookup - hits:0       seu:0            crun:0            iall:0             icm:0        dcm:0            microsec@500Mhz:0
ARCT[0]: 
ARCT[0]: 
Done!
ARCK[0]: 
After task: 0x5010d0 (0x2ef1020, 0x0) ret = 0
TIME STAMP: 07/22/25 20:21:00.440303840 UTC
ARCK[0]: 
Send TASK_COMPLETION_DB to ARM
slot0@localhost:/ > 
