ARCK[0]: 
Running task 0x5034b0 (0x2f41020, 0x0)
TIME STAMP: 08/02/25 08:41:16.794859285 UTC
ARCT[0]: 
ARCT[0]: 
Running binary matmul!
TIME STAMP: 08/02/25 08:41:17.009501781 UTC
ARCT[0]: 
***            total - hits:1       seu:12978177     crun:106829598    iall:67542539      icm:324      dcm:267083       microsec@500Mhz:213659
ARCT[0]: 
***           ld_lhs - hits:1024    seu:172032       crun:1785210      iall:1193994       icm:61       dcm:904          microsec@500Mhz:3570
TIME STAMP: 08/02/25 08:41:17.009691173 UTC
ARCT[0]: 
***           ld_rhs - hits:1       seu:178          crun:71853        iall:16681         icm:117      dcm:3            microsec@500Mhz:143
ARCT[0]: 
***            vr_op - hits:2048    seu:1270785      crun:5209281      iall:2527242       icm:121      dcm:1672         microsec@500Mhz:10418
ARCT[0]: 
***               st - hits:2048    seu:11534336     crun:95318639     iall:61501450      icm:55       dcm:263728       microsec@500Mhz:190637
TIME STAMP: 08/02/25 08:41:17.009876725 UTC
ARCK[0]: 
After task: 0x5034b0 (0x2f41020, 0x0) ret = 0
TIME STAMP: 08/02/25 08:41:17.011314100 UTC
ARCK[0]: 
Send TASK_COMPLETION_DB to ARM
slot0@localhost:/ > 
